<?xml version="1.0" encoding="UTF-8"?>
<!-- Generated by org.testng.reporters.JUnitReportReporter -->
<testsuite hostname="Johns-MacBook-Pro.local" failures="0" tests="1" name="EcommerceTests.ProductListPageTests" time="10.879" errors="0" timestamp="2024-10-31T17:13:18 GMT" skipped="0">
  <testcase classname="EcommerceTests.ProductListPageTests" name="verifyPLPAndSelectsProductTest" time="10.879"/>
</testsuite> <!-- EcommerceTests.ProductListPageTests -->
