<?xml version="1.0" encoding="UTF-8"?>
<!-- Generated by org.testng.reporters.JUnitReportReporter -->
<testsuite hostname="Johns-MacBook-Pro.local" failures="0" tests="2" name="EcommerceTests.HomePageTests" time="11.701" errors="0" timestamp="2024-10-31T23:05:01 GMT" skipped="0">
  <testcase classname="EcommerceTests.HomePageTests" name="navigateToLoginPageFromHomePageTest" time="10.385"/>
  <testcase classname="EcommerceTests.HomePageTests" name="testHomePageNavigation" time="1.316"/>
</testsuite> <!-- EcommerceTests.HomePageTests -->
