<?xml version="1.0" encoding="UTF-8"?>
<!-- Generated by org.testng.reporters.JUnitReportReporter -->
<testsuite hostname="Johns-MacBook-Pro.local" failures="0" tests="3" name="EcommerceTests.AccountLoginPageTest" time="55.631" errors="0" timestamp="2024-10-31T17:13:18 GMT" skipped="0">
  <testcase classname="EcommerceTests.AccountLoginPageTest" name="verifyPLPNavigation" time="0.010"/>
  <testcase classname="EcommerceTests.AccountLoginPageTest" name="navigateToPLP" time="12.454"/>
  <testcase classname="EcommerceTests.AccountLoginPageTest" name="accountLoginPageTest" time="43.167"/>
</testsuite> <!-- EcommerceTests.AccountLoginPageTest -->
