<?xml version="1.0" encoding="UTF-8"?>
<!-- Generated by org.testng.reporters.JUnitReportReporter -->
<testsuite hostname="Johns-MacBook-Pro.local" failures="0" tests="2" name="EcommerceTests.ProductDetailPageTests" time="20.655" errors="0" timestamp="2024-10-31T17:13:18 GMT" skipped="0">
  <testcase classname="EcommerceTests.ProductDetailPageTests" name="testSelectProductOptionsAndAddToBag" time="9.821"/>
  <testcase classname="EcommerceTests.ProductDetailPageTests" name="testClickBagIcon" time="10.834"/>
</testsuite> <!-- EcommerceTests.ProductDetailPageTests -->
