<?xml version="1.0" encoding="UTF-8"?>
<!-- Generated by org.testng.reporters.JUnitReportReporter -->
<testsuite hostname="Johns-MacBook-Pro.local" failures="0" tests="2" name="EcommerceTests.HomePageTests" time="12.635" errors="0" timestamp="2024-10-31T17:13:18 GMT" skipped="0">
  <testcase classname="EcommerceTests.HomePageTests" name="navigateToLoginPageFromHomePageTest" time="12.624"/>
  <testcase classname="EcommerceTests.HomePageTests" name="testHomePageNavigation" time="0.011"/>
</testsuite> <!-- EcommerceTests.HomePageTests -->
